[ 10-06-29 15:41:59 ]

错误信息：[ company favicon.ico index ]无法加载模块favicon.ico
错误页面：/index.php/favicon.ico
错误类型：ThinkException
错误跟踪：
[10-06-29 15:41:06] D:\wamp\www\company\company\Temp\~runtime.php (7) App->exec()
[10-06-29 15:41:06] D:\wamp\www\company\index.php (9) App->run()

[ 10-06-29 15:42:02 ]

错误信息：[ company favicon.ico index ]无法加载模块favicon.ico
错误页面：/index.php/favicon.ico
错误类型：ThinkException
错误跟踪：
[10-06-29 15:42:06] D:\wamp\www\company\company\Temp\~runtime.php (7) App->exec()
[10-06-29 15:42:06] D:\wamp\www\company\index.php (9) App->run()

[ 10-06-29 16:18:38 ]

错误信息：[ company company Tpl ]无法加载模块company
错误页面：/index.php/company/Tpl/default/Public/images/pic_03.jpg
错误类型：ThinkException
错误跟踪：
[10-06-29 16:18:06] D:\wamp\www\company\company\Temp\~runtime.php (7) App->exec()
[10-06-29 16:18:06] D:\wamp\www\company\index.php (9) App->run()

[ 10-06-29 16:18:38 ]

错误信息：[ company company Tpl ]无法加载模块company
错误页面：/index.php/company/Tpl/default/Public/images/cate.jpg
错误类型：ThinkException
错误跟踪：
[10-06-29 16:18:06] D:\wamp\www\company\company\Temp\~runtime.php (7) App->exec()
[10-06-29 16:18:06] D:\wamp\www\company\index.php (9) App->run()

[ 10-06-29 16:18:38 ]

错误信息：[ company company Tpl ]无法加载模块company
错误页面：/index.php/company/Tpl/default/Public/images/order.jpg
错误类型：ThinkException
错误跟踪：
[10-06-29 16:18:06] D:\wamp\www\company\company\Temp\~runtime.php (7) App->exec()
[10-06-29 16:18:06] D:\wamp\www\company\index.php (9) App->run()

[ 10-06-29 16:18:38 ]

错误信息：[ company company Tpl ]无法加载模块company
错误页面：/index.php/company/Tpl/default/Public/images/pic_05.jpg
错误类型：ThinkException
错误跟踪：
[10-06-29 16:18:06] D:\wamp\www\company\company\Temp\~runtime.php (7) App->exec()
[10-06-29 16:18:06] D:\wamp\www\company\index.php (9) App->run()

[ 10-06-29 16:18:38 ]

错误信息：[ company company Tpl ]无法加载模块company
错误页面：/index.php/company/Tpl/default/Public/images/200721413493158.htm
错误类型：ThinkException
错误跟踪：
[10-06-29 16:18:06] D:\wamp\www\company\company\Temp\~runtime.php (7) App->exec()
[10-06-29 16:18:06] D:\wamp\www\company\index.php (9) App->run()

[ 10-06-29 16:18:38 ]

错误信息：[ company company Tpl ]无法加载模块company
错误页面：/index.php/company/Tpl/default/Public/images/detailtitle.gif
错误类型：ThinkException
错误跟踪：
[10-06-29 16:18:06] D:\wamp\www\company\company\Temp\~runtime.php (7) App->exec()
[10-06-29 16:18:06] D:\wamp\www\company\index.php (9) App->run()

[ 10-06-29 16:43:02 ]

错误信息：[ company company Tpl ]无法加载模块company
错误页面：/index.php/company/Tpl/default/Public/images/pic_03.jpg
错误类型：ThinkException
错误跟踪：
[10-06-29 16:43:06] D:\wamp\www\company\company\Temp\~runtime.php (7) App->exec()
[10-06-29 16:43:06] D:\wamp\www\company\index.php (9) App->run()

[ 10-06-29 16:43:02 ]

错误信息：[ company company Tpl ]无法加载模块company
错误页面：/index.php/company/Tpl/default/Public/images/gywm.jpg
错误类型：ThinkException
错误跟踪：
[10-06-29 16:43:06] D:\wamp\www\company\company\Temp\~runtime.php (7) App->exec()
[10-06-29 16:43:06] D:\wamp\www\company\index.php (9) App->run()

[ 10-06-29 16:43:03 ]

错误信息：[ company Job 关于我们-XX有限公司_files ]非法操作关于我们-XX有限公司_files
错误页面：/index.php/Job/关于我们-XX有限公司_files/20088614114861.gif
错误类型：ThinkException
错误跟踪：
[10-06-29 16:43:06]  () Action->__call(关于我们-XX有限公司_files, Array)
[10-06-29 16:43:06] D:\wamp\www\company\company\Temp\~runtime.php (7) JobAction->关于我们-XX有限公司_files()
[10-06-29 16:43:06] D:\wamp\www\company\company\Temp\~runtime.php (7) App->exec()
[10-06-29 16:43:06] D:\wamp\www\company\index.php (9) App->run()

[ 10-06-29 16:43:03 ]

错误信息：[ company company Tpl ]无法加载模块company
错误页面：/index.php/company/Tpl/default/Public/images/resume.jpg
错误类型：ThinkException
错误跟踪：
[10-06-29 16:43:06] D:\wamp\www\company\company\Temp\~runtime.php (7) App->exec()
[10-06-29 16:43:06] D:\wamp\www\company\index.php (9) App->run()

[ 10-06-29 16:43:03 ]

错误信息：[ company company Tpl ]无法加载模块company
错误页面：/index.php/company/Tpl/default/Public/images/pic_05.jpg
错误类型：ThinkException
错误跟踪：
[10-06-29 16:43:06] D:\wamp\www\company\company\Temp\~runtime.php (7) App->exec()
[10-06-29 16:43:06] D:\wamp\www\company\index.php (9) App->run()

[ 10-06-29 16:44:10 ]

错误信息：[ company Job 关于我们-XX有限公司_files ]非法操作关于我们-XX有限公司_files
错误页面：/index.php/Job/关于我们-XX有限公司_files/20088614114861.gif
错误类型：ThinkException
错误跟踪：
[10-06-29 16:44:06]  () Action->__call(关于我们-XX有限公司_files, Array)
[10-06-29 16:44:06] D:\wamp\www\company\company\Temp\~runtime.php (7) JobAction->关于我们-XX有限公司_files()
[10-06-29 16:44:06] D:\wamp\www\company\company\Temp\~runtime.php (7) App->exec()
[10-06-29 16:44:06] D:\wamp\www\company\index.php (9) App->run()

[ 10-06-29 16:44:10 ]

错误信息：[ company company Tpl ]无法加载模块company
错误页面：/index.php/company/Tpl/default/Public/images/pic_03.jpg
错误类型：ThinkException
错误跟踪：
[10-06-29 16:44:06] D:\wamp\www\company\company\Temp\~runtime.php (7) App->exec()
[10-06-29 16:44:06] D:\wamp\www\company\index.php (9) App->run()

[ 10-06-29 16:44:10 ]

错误信息：[ company company Tpl ]无法加载模块company
错误页面：/index.php/company/Tpl/default/Public/images/gywm.jpg
错误类型：ThinkException
错误跟踪：
[10-06-29 16:44:06] D:\wamp\www\company\company\Temp\~runtime.php (7) App->exec()
[10-06-29 16:44:06] D:\wamp\www\company\index.php (9) App->run()

[ 10-06-29 16:44:10 ]

错误信息：[ company company Tpl ]无法加载模块company
错误页面：/index.php/company/Tpl/default/Public/images/resume.jpg
错误类型：ThinkException
错误跟踪：
[10-06-29 16:44:06] D:\wamp\www\company\company\Temp\~runtime.php (7) App->exec()
[10-06-29 16:44:06] D:\wamp\www\company\index.php (9) App->run()

[ 10-06-29 16:44:10 ]

错误信息：[ company company Tpl ]无法加载模块company
错误页面：/index.php/company/Tpl/default/Public/images/pic_05.jpg
错误类型：ThinkException
错误跟踪：
[10-06-29 16:44:06] D:\wamp\www\company\company\Temp\~runtime.php (7) App->exec()
[10-06-29 16:44:06] D:\wamp\www\company\index.php (9) App->run()

[ 10-06-29 16:46:22 ]

错误信息：[ company company Tpl ]无法加载模块company
错误页面：/index.php/company/Tpl/default/Public/images/resume.jpg
错误类型：ThinkException
错误跟踪：
[10-06-29 16:46:06] D:\wamp\www\company\company\Temp\~runtime.php (7) App->exec()
[10-06-29 16:46:06] D:\wamp\www\company\index.php (9) App->run()

[ 10-06-29 16:46:22 ]

错误信息：[ company Job 关于我们-XX有限公司_files ]非法操作关于我们-XX有限公司_files
错误页面：/index.php/Job/关于我们-XX有限公司_files/20088614114861.gif
错误类型：ThinkException
错误跟踪：
[10-06-29 16:46:06]  () Action->__call(关于我们-XX有限公司_files, Array)
[10-06-29 16:46:06] D:\wamp\www\company\company\Temp\~runtime.php (7) JobAction->关于我们-XX有限公司_files()
[10-06-29 16:46:06] D:\wamp\www\company\company\Temp\~runtime.php (7) App->exec()
[10-06-29 16:46:06] D:\wamp\www\company\index.php (9) App->run()

[ 10-06-29 16:46:22 ]

错误信息：[ company company Tpl ]无法加载模块company
错误页面：/index.php/company/Tpl/default/Public/images/pic_03.jpg
错误类型：ThinkException
错误跟踪：
[10-06-29 16:46:06] D:\wamp\www\company\company\Temp\~runtime.php (7) App->exec()
[10-06-29 16:46:06] D:\wamp\www\company\index.php (9) App->run()

[ 10-06-29 16:46:23 ]

错误信息：[ company company Tpl ]无法加载模块company
错误页面：/index.php/company/Tpl/default/Public/images/gywm.jpg
错误类型：ThinkException
错误跟踪：
[10-06-29 16:46:06] D:\wamp\www\company\company\Temp\~runtime.php (7) App->exec()
[10-06-29 16:46:06] D:\wamp\www\company\index.php (9) App->run()

[ 10-06-29 16:46:23 ]

错误信息：[ company company Tpl ]无法加载模块company
错误页面：/index.php/company/Tpl/default/Public/images/pic_05.jpg
错误类型：ThinkException
错误跟踪：
[10-06-29 16:46:06] D:\wamp\www\company\company\Temp\~runtime.php (7) App->exec()
[10-06-29 16:46:06] D:\wamp\www\company\index.php (9) App->run()

[ 10-06-29 16:46:29 ]

错误信息：[ company company Tpl ]无法加载模块company
错误页面：/index.php/company/Tpl/default/Public/images/gywm.jpg
错误类型：ThinkException
错误跟踪：
[10-06-29 16:46:06] D:\wamp\www\company\company\Temp\~runtime.php (7) App->exec()
[10-06-29 16:46:06] D:\wamp\www\company\index.php (9) App->run()

[ 10-06-29 16:46:29 ]

错误信息：[ company company Tpl ]无法加载模块company
错误页面：/index.php/company/Tpl/default/Public/images/pic_03.jpg
错误类型：ThinkException
错误跟踪：
[10-06-29 16:46:06] D:\wamp\www\company\company\Temp\~runtime.php (7) App->exec()
[10-06-29 16:46:06] D:\wamp\www\company\index.php (9) App->run()

[ 10-06-29 16:46:30 ]

错误信息：[ company Job 关于我们-XX有限公司_files ]非法操作关于我们-XX有限公司_files
错误页面：/index.php/Job/关于我们-XX有限公司_files/20088614114861.gif
错误类型：ThinkException
错误跟踪：
[10-06-29 16:46:06]  () Action->__call(关于我们-XX有限公司_files, Array)
[10-06-29 16:46:06] D:\wamp\www\company\company\Temp\~runtime.php (7) JobAction->关于我们-XX有限公司_files()
[10-06-29 16:46:06] D:\wamp\www\company\company\Temp\~runtime.php (7) App->exec()
[10-06-29 16:46:06] D:\wamp\www\company\index.php (9) App->run()

[ 10-06-29 16:46:30 ]

错误信息：[ company company Tpl ]无法加载模块company
错误页面：/index.php/company/Tpl/default/Public/images/resume.jpg
错误类型：ThinkException
错误跟踪：
[10-06-29 16:46:06] D:\wamp\www\company\company\Temp\~runtime.php (7) App->exec()
[10-06-29 16:46:06] D:\wamp\www\company\index.php (9) App->run()

[ 10-06-29 16:46:30 ]

错误信息：[ company company Tpl ]无法加载模块company
错误页面：/index.php/company/Tpl/default/Public/images/pic_05.jpg
错误类型：ThinkException
错误跟踪：
[10-06-29 16:46:06] D:\wamp\www\company\company\Temp\~runtime.php (7) App->exec()
[10-06-29 16:46:06] D:\wamp\www\company\index.php (9) App->run()

[ 10-06-29 16:52:32 ]

错误信息：[ company company Tpl ]无法加载模块company
错误页面：/index.php/company/Tpl/default/Public/images/pic_03.jpg
错误类型：ThinkException
错误跟踪：
[10-06-29 16:52:06] D:\wamp\www\company\company\Temp\~runtime.php (7) App->exec()
[10-06-29 16:52:06] D:\wamp\www\company\index.php (9) App->run()

[ 10-06-29 16:52:32 ]

错误信息：[ company company Tpl ]无法加载模块company
错误页面：/index.php/company/Tpl/default/Public/images/gywm.jpg
错误类型：ThinkException
错误跟踪：
[10-06-29 16:52:06] D:\wamp\www\company\company\Temp\~runtime.php (7) App->exec()
[10-06-29 16:52:06] D:\wamp\www\company\index.php (9) App->run()

[ 10-06-29 16:52:32 ]

错误信息：[ company company Tpl ]无法加载模块company
错误页面：/index.php/company/Tpl/default/Public/images/resume.jpg
错误类型：ThinkException
错误跟踪：
[10-06-29 16:52:06] D:\wamp\www\company\company\Temp\~runtime.php (7) App->exec()
[10-06-29 16:52:06] D:\wamp\www\company\index.php (9) App->run()

[ 10-06-29 16:52:32 ]

错误信息：[ company Job 关于我们-XX有限公司_files ]非法操作关于我们-XX有限公司_files
错误页面：/index.php/Job/关于我们-XX有限公司_files/20088614114861.gif
错误类型：ThinkException
错误跟踪：
[10-06-29 16:52:06]  () Action->__call(关于我们-XX有限公司_files, Array)
[10-06-29 16:52:06] D:\wamp\www\company\company\Temp\~runtime.php (7) JobAction->关于我们-XX有限公司_files()
[10-06-29 16:52:06] D:\wamp\www\company\company\Temp\~runtime.php (7) App->exec()
[10-06-29 16:52:06] D:\wamp\www\company\index.php (9) App->run()

[ 10-06-29 16:52:32 ]

错误信息：[ company company Tpl ]无法加载模块company
错误页面：/index.php/company/Tpl/default/Public/images/pic_05.jpg
错误类型：ThinkException
错误跟踪：
[10-06-29 16:52:06] D:\wamp\www\company\company\Temp\~runtime.php (7) App->exec()
[10-06-29 16:52:06] D:\wamp\www\company\index.php (9) App->run()

[ 10-06-29 16:55:08 ]

错误信息：[ company company Tpl ]无法加载模块company
错误页面：/index.php/company/Tpl/default/Public/images/resume.jpg
错误类型：ThinkException
错误跟踪：
[10-06-29 16:55:06] D:\wamp\www\company\company\Temp\~runtime.php (7) App->exec()
[10-06-29 16:55:06] D:\wamp\www\company\index.php (9) App->run()

[ 10-06-29 16:55:08 ]

错误信息：[ company company Tpl ]无法加载模块company
错误页面：/index.php/company/Tpl/default/Public/images/pic_05.jpg
错误类型：ThinkException
错误跟踪：
[10-06-29 16:55:06] D:\wamp\www\company\company\Temp\~runtime.php (7) App->exec()
[10-06-29 16:55:06] D:\wamp\www\company\index.php (9) App->run()

[ 10-06-29 16:56:14 ]

错误信息：[ company company Tpl ]无法加载模块company
错误页面：/index.php/company/Tpl/default/Public/images/resume.jpg
错误类型：ThinkException
错误跟踪：
[10-06-29 16:56:06] D:\wamp\www\company\company\Temp\~runtime.php (7) App->exec()
[10-06-29 16:56:06] D:\wamp\www\company\index.php (9) App->run()

[ 10-06-29 16:56:14 ]

错误信息：[ company company Tpl ]无法加载模块company
错误页面：/index.php/company/Tpl/default/Public/images/pic_05.jpg
错误类型：ThinkException
错误跟踪：
[10-06-29 16:56:06] D:\wamp\www\company\company\Temp\~runtime.php (7) App->exec()
[10-06-29 16:56:06] D:\wamp\www\company\index.php (9) App->run()

[ 10-06-29 16:57:17 ]

错误信息：[ company company Tpl ]无法加载模块company
错误页面：/index.php/company/Tpl/default/Public/images/resume.jpg
错误类型：ThinkException
错误跟踪：
[10-06-29 16:57:06] D:\wamp\www\company\company\Temp\~runtime.php (7) App->exec()
[10-06-29 16:57:06] D:\wamp\www\company\index.php (9) App->run()

[ 10-06-29 16:58:44 ]

错误信息：[ company company Tpl ]无法加载模块company
错误页面：/index.php/company/Tpl/default/Public/images/resume.jpg
错误类型：ThinkException
错误跟踪：
[10-06-29 16:58:06] D:\wamp\www\company\company\Temp\~runtime.php (7) App->exec()
[10-06-29 16:58:06] D:\wamp\www\company\index.php (9) App->run()

[ 10-06-29 16:59:38 ]

错误信息：[ company company Tpl ]无法加载模块company
错误页面：/index.php/company/Tpl/default/Public/images/resume.jpg
错误类型：ThinkException
错误跟踪：
[10-06-29 16:59:06] D:\wamp\www\company\company\Temp\~runtime.php (7) App->exec()
[10-06-29 16:59:06] D:\wamp\www\company\index.php (9) App->run()

[ 10-06-29 17:02:05 ]

错误信息：[ company admin index ]无法加载模块admin
错误页面：/index.php/admin
错误类型：ThinkException
错误跟踪：
[10-06-29 17:02:06] D:\wamp\www\company\company\Temp\~runtime.php (7) App->exec()
[10-06-29 17:02:06] D:\wamp\www\company\index.php (9) App->run()

[ 10-06-29 17:07:52 ]

错误信息：[ company Admin_App Tpl ]无法加载模块Admin_App
错误页面：/index.php/Admin_App/Tpl/default/Public/images/bg_repno.gif
错误类型：ThinkException
错误跟踪：
[10-06-29 17:07:06] D:\wamp\www\company\company\Temp\~runtime.php (7) App->exec()
[10-06-29 17:07:06] D:\wamp\www\company\index.php (9) App->run()

[ 10-06-29 17:13:01 ]

错误信息：[ company company Tpl ]无法加载模块company
错误页面：/index.php/company/Tpl/default/Public/images/resume.jpg
错误类型：ThinkException
错误跟踪：
[10-06-29 17:13:06] D:\wamp\www\company\company\Temp\~runtime.php (7) App->exec()
[10-06-29 17:13:06] D:\wamp\www\company\index.php (9) App->run()

[ 10-06-29 17:29:51 ]

错误信息：[ company company Tpl ]无法加载模块company
错误页面：/index.php/company/Tpl/default/Public/images/pic_03.jpg
错误类型：ThinkException
错误跟踪：
[10-06-29 17:29:06] D:\wamp\www\company\company\Temp\~runtime.php (7) App->exec()
[10-06-29 17:29:06] D:\wamp\www\company\index.php (9) App->run()

[ 10-06-29 17:29:51 ]

错误信息：[ company company Tpl ]无法加载模块company
错误页面：/index.php/company/Tpl/default/Public/images/cate.jpg
错误类型：ThinkException
错误跟踪：
[10-06-29 17:29:06] D:\wamp\www\company\company\Temp\~runtime.php (7) App->exec()
[10-06-29 17:29:06] D:\wamp\www\company\index.php (9) App->run()

[ 10-06-29 17:29:51 ]

错误信息：[ company company Tpl ]无法加载模块company
错误页面：/index.php/company/Tpl/default/Public/images/pic_05.jpg
错误类型：ThinkException
错误跟踪：
[10-06-29 17:29:06] D:\wamp\www\company\company\Temp\~runtime.php (7) App->exec()
[10-06-29 17:29:06] D:\wamp\www\company\index.php (9) App->run()

[ 10-06-29 17:29:51 ]

错误信息：[ company company Tpl ]无法加载模块company
错误页面：/index.php/company/Tpl/default/Public/images/order.jpg
错误类型：ThinkException
错误跟踪：
[10-06-29 17:29:06] D:\wamp\www\company\company\Temp\~runtime.php (7) App->exec()
[10-06-29 17:29:06] D:\wamp\www\company\index.php (9) App->run()

[ 10-06-29 17:29:52 ]

错误信息：[ company company Tpl ]无法加载模块company
错误页面：/index.php/company/Tpl/default/Public/images/200721413493158.htm
错误类型：ThinkException
错误跟踪：
[10-06-29 17:29:06] D:\wamp\www\company\company\Temp\~runtime.php (7) App->exec()
[10-06-29 17:29:06] D:\wamp\www\company\index.php (9) App->run()

[ 10-06-29 17:29:52 ]

错误信息：[ company company Tpl ]无法加载模块company
错误页面：/index.php/company/Tpl/default/Public/images/detailtitle.gif
错误类型：ThinkException
错误跟踪：
[10-06-29 17:29:06] D:\wamp\www\company\company\Temp\~runtime.php (7) App->exec()
[10-06-29 17:29:06] D:\wamp\www\company\index.php (9) App->run()

[ 10-06-29 17:48:29 ]

错误信息：[ company company Tpl ]无法加载模块company
错误页面：/index.php/company/Tpl/default/Public/images/order.jpg
错误类型：ThinkException
错误跟踪：
[10-06-29 17:48:06] D:\wamp\www\company\company\Temp\~runtime.php (7) App->exec()
[10-06-29 17:48:06] D:\wamp\www\company\index.php (9) App->run()

[ 10-06-29 17:50:12 ]

错误信息：[ company company Tpl ]无法加载模块company
错误页面：/index.php/company/Tpl/default/Public/images/order.jpg
错误类型：ThinkException
错误跟踪：
[10-06-29 17:50:06] D:\wamp\www\company\company\Temp\~runtime.php (7) App->exec()
[10-06-29 17:50:06] D:\wamp\www\company\index.php (9) App->run()

[ 10-06-29 17:56:06 ]

错误信息：[ company company Tpl ]无法加载模块company
错误页面：/index.php/company/Tpl/default/Public/images/order.jpg
错误类型：ThinkException
错误跟踪：
[10-06-29 17:56:06] D:\wamp\www\company\company\Temp\~runtime.php (7) App->exec()
[10-06-29 17:56:06] D:\wamp\www\company\index.php (9) App->run()

[ 10-06-29 17:59:01 ]

错误信息：[ company company Tpl ]无法加载模块company
错误页面：/index.php/company/Tpl/default/Public/images/nopic.jpg
错误类型：ThinkException
错误跟踪：
[10-06-29 17:59:06] D:\wamp\www\company\company\Temp\~runtime.php (7) App->exec()
[10-06-29 17:59:06] D:\wamp\www\company\index.php (9) App->run()

[ 10-06-29 17:59:01 ]

错误信息：[ company company Tpl ]无法加载模块company
错误页面：/index.php/company/Tpl/default/Public/images/order.jpg
错误类型：ThinkException
错误跟踪：
[10-06-29 17:59:06] D:\wamp\www\company\company\Temp\~runtime.php (7) App->exec()
[10-06-29 17:59:06] D:\wamp\www\company\index.php (9) App->run()

[ 10-06-29 17:59:11 ]

错误信息：[ company company Tpl ]无法加载模块company
错误页面：/index.php/company/Tpl/default/Public/images/nopic.jpg
错误类型：ThinkException
错误跟踪：
[10-06-29 17:59:06] D:\wamp\www\company\company\Temp\~runtime.php (7) App->exec()
[10-06-29 17:59:06] D:\wamp\www\company\index.php (9) App->run()

[ 10-06-29 17:59:11 ]

错误信息：[ company company Tpl ]无法加载模块company
错误页面：/index.php/company/Tpl/default/Public/images/order.jpg
错误类型：ThinkException
错误跟踪：
[10-06-29 17:59:06] D:\wamp\www\company\company\Temp\~runtime.php (7) App->exec()
[10-06-29 17:59:06] D:\wamp\www\company\index.php (9) App->run()

[ 10-06-29 18:00:18 ]

错误信息：[ company company Tpl ]无法加载模块company
错误页面：/index.php/company/Tpl/default/Public/images/nopic.jpg
错误类型：ThinkException
错误跟踪：
[10-06-29 18:00:06] D:\wamp\www\company\company\Temp\~runtime.php (7) App->exec()
[10-06-29 18:00:06] D:\wamp\www\company\index.php (9) App->run()

[ 10-06-29 18:00:18 ]

错误信息：[ company company Tpl ]无法加载模块company
错误页面：/index.php/company/Tpl/default/Public/images/order.jpg
错误类型：ThinkException
错误跟踪：
[10-06-29 18:00:06] D:\wamp\www\company\company\Temp\~runtime.php (7) App->exec()
[10-06-29 18:00:06] D:\wamp\www\company\index.php (9) App->run()

[ 10-06-29 18:00:20 ]

错误信息：[ company company Tpl ]无法加载模块company
错误页面：/index.php/company/Tpl/default/Public/images/nopic.jpg
错误类型：ThinkException
错误跟踪：
[10-06-29 18:00:06] D:\wamp\www\company\company\Temp\~runtime.php (7) App->exec()
[10-06-29 18:00:06] D:\wamp\www\company\index.php (9) App->run()

[ 10-06-29 18:00:20 ]

错误信息：[ company company Tpl ]无法加载模块company
错误页面：/index.php/company/Tpl/default/Public/images/order.jpg
错误类型：ThinkException
错误跟踪：
[10-06-29 18:00:06] D:\wamp\www\company\company\Temp\~runtime.php (7) App->exec()
[10-06-29 18:00:06] D:\wamp\www\company\index.php (9) App->run()

[ 10-06-29 18:01:56 ]

错误信息：[ company company Tpl ]无法加载模块company
错误页面：/index.php/company/Tpl/default/Public/images/nopic.jpg
错误类型：ThinkException
错误跟踪：
[10-06-29 18:01:06] D:\wamp\www\company\company\Temp\~runtime.php (7) App->exec()
[10-06-29 18:01:06] D:\wamp\www\company\index.php (9) App->run()

[ 10-06-29 18:01:56 ]

错误信息：[ company company Tpl ]无法加载模块company
错误页面：/index.php/company/Tpl/default/Public/images/order.jpg
错误类型：ThinkException
错误跟踪：
[10-06-29 18:01:06] D:\wamp\www\company\company\Temp\~runtime.php (7) App->exec()
[10-06-29 18:01:06] D:\wamp\www\company\index.php (9) App->run()

[ 10-06-29 18:02:25 ]

错误信息：[ company company Tpl ]无法加载模块company
错误页面：/index.php/company/Tpl/default/Public/images/order.jpg
错误类型：ThinkException
错误跟踪：
[10-06-29 18:02:06] D:\wamp\www\company\company\Temp\~runtime.php (7) App->exec()
[10-06-29 18:02:06] D:\wamp\www\company\index.php (9) App->run()

[ 10-06-29 18:05:54 ]

错误信息：[ company company Tpl ]无法加载模块company
错误页面：/index.php/company/Tpl/default/Public/images/order.jpg
错误类型：ThinkException
错误跟踪：
[10-06-29 18:05:06] D:\wamp\www\company\company\Temp\~runtime.php (7) App->exec()
[10-06-29 18:05:06] D:\wamp\www\company\index.php (9) App->run()

[ 10-06-29 18:06:17 ]

错误信息：[ company company Tpl ]无法加载模块company
错误页面：/index.php/company/Tpl/default/Public/images/order.jpg
错误类型：ThinkException
错误跟踪：
[10-06-29 18:06:06] D:\wamp\www\company\company\Temp\~runtime.php (7) App->exec()
[10-06-29 18:06:06] D:\wamp\www\company\index.php (9) App->run()

[ 10-06-29 18:06:20 ]

错误信息：[ company company Tpl ]无法加载模块company
错误页面：/index.php/company/Tpl/default/Public/images/order.jpg
错误类型：ThinkException
错误跟踪：
[10-06-29 18:06:06] D:\wamp\www\company\company\Temp\~runtime.php (7) App->exec()
[10-06-29 18:06:06] D:\wamp\www\company\index.php (9) App->run()

[ 10-06-29 18:06:31 ]

错误信息：[ company company Tpl ]无法加载模块company
错误页面：/index.php/company/Tpl/default/Public/images/order.jpg
错误类型：ThinkException
错误跟踪：
[10-06-29 18:06:06] D:\wamp\www\company\company\Temp\~runtime.php (7) App->exec()
[10-06-29 18:06:06] D:\wamp\www\company\index.php (9) App->run()

[ 10-06-29 18:12:51 ]

错误信息：[ company company Tpl ]无法加载模块company
错误页面：/index.php/company/Tpl/default/Public/images/order.jpg
错误类型：ThinkException
错误跟踪：
[10-06-29 18:12:06] D:\wamp\www\company\company\Temp\~runtime.php (7) App->exec()
[10-06-29 18:12:06] D:\wamp\www\company\index.php (9) App->run()

[ 10-06-29 18:14:52 ]

错误信息：[ company company Tpl ]无法加载模块company
错误页面：/index.php/company/Tpl/default/Public/images/order.jpg
错误类型：ThinkException
错误跟踪：
[10-06-29 18:14:06] D:\wamp\www\company\company\Temp\~runtime.php (7) App->exec()
[10-06-29 18:14:06] D:\wamp\www\company\index.php (9) App->run()

[ 10-06-29 18:15:22 ]

错误信息：[ company company Tpl ]无法加载模块company
错误页面：/index.php/company/Tpl/default/Public/images/order.jpg
错误类型：ThinkException
错误跟踪：
[10-06-29 18:15:06] D:\wamp\www\company\company\Temp\~runtime.php (7) App->exec()
[10-06-29 18:15:06] D:\wamp\www\company\index.php (9) App->run()

[ 10-06-29 18:16:14 ]

错误信息：[ company company Tpl ]无法加载模块company
错误页面：/index.php/company/Tpl/default/Public/images/order.jpg
错误类型：ThinkException
错误跟踪：
[10-06-29 18:16:06] D:\wamp\www\company\company\Temp\~runtime.php (7) App->exec()
[10-06-29 18:16:06] D:\wamp\www\company\index.php (9) App->run()

[ 10-06-29 18:59:20 ]

错误信息：[ company company Tpl ]无法加载模块company
错误页面：/index.php/company/Tpl/default/Public/images/order.jpg
错误类型：ThinkException
错误跟踪：
[10-06-29 18:59:06] D:\wamp\www\company\company\Temp\~runtime.php (7) App->exec()
[10-06-29 18:59:06] D:\wamp\www\company\index.php (9) App->run()

[ 10-06-29 18:59:20 ]

错误信息：[ company Product images ]非法操作images
错误页面：/index.php/Product/images/loading.gif
错误类型：ThinkException
错误跟踪：
[10-06-29 18:59:06]  () Action->__call(images, Array)
[10-06-29 18:59:06] D:\wamp\www\company\company\Temp\~runtime.php (7) ProductAction->images()
[10-06-29 18:59:06] D:\wamp\www\company\company\Temp\~runtime.php (7) App->exec()
[10-06-29 18:59:06] D:\wamp\www\company\index.php (9) App->run()

[ 10-06-29 18:59:20 ]

错误信息：[ company Product images ]非法操作images
错误页面：/index.php/Product/images/closelabel.gif
错误类型：ThinkException
错误跟踪：
[10-06-29 18:59:06]  () Action->__call(images, Array)
[10-06-29 18:59:06] D:\wamp\www\company\company\Temp\~runtime.php (7) ProductAction->images()
[10-06-29 18:59:06] D:\wamp\www\company\company\Temp\~runtime.php (7) App->exec()
[10-06-29 18:59:06] D:\wamp\www\company\index.php (9) App->run()

[ 10-06-29 18:59:20 ]

错误信息：[ company Public Js ]无法加载模块Public
错误页面：/index.php/Public/Js/jquery/js/external/images/blank.gif
错误类型：ThinkException
错误跟踪：
[10-06-29 18:59:06] D:\wamp\www\company\company\Temp\~runtime.php (7) App->exec()
[10-06-29 18:59:06] D:\wamp\www\company\index.php (9) App->run()

[ 10-06-29 19:01:06 ]

错误信息：[ company company Tpl ]无法加载模块company
错误页面：/index.php/company/Tpl/default/Public/images/order.jpg
错误类型：ThinkException
错误跟踪：
[10-06-29 19:01:06] D:\wamp\www\company\company\Temp\~runtime.php (7) App->exec()
[10-06-29 19:01:06] D:\wamp\www\company\index.php (9) App->run()

[ 10-06-29 19:01:06 ]

错误信息：[ company Product images ]非法操作images
错误页面：/index.php/Product/images/loading.gif
错误类型：ThinkException
错误跟踪：
[10-06-29 19:01:06]  () Action->__call(images, Array)
[10-06-29 19:01:06] D:\wamp\www\company\company\Temp\~runtime.php (7) ProductAction->images()
[10-06-29 19:01:06] D:\wamp\www\company\company\Temp\~runtime.php (7) App->exec()
[10-06-29 19:01:06] D:\wamp\www\company\index.php (9) App->run()

[ 10-06-29 19:01:06 ]

错误信息：[ company Product images ]非法操作images
错误页面：/index.php/Product/images/closelabel.gif
错误类型：ThinkException
错误跟踪：
[10-06-29 19:01:06]  () Action->__call(images, Array)
[10-06-29 19:01:06] D:\wamp\www\company\company\Temp\~runtime.php (7) ProductAction->images()
[10-06-29 19:01:06] D:\wamp\www\company\company\Temp\~runtime.php (7) App->exec()
[10-06-29 19:01:06] D:\wamp\www\company\index.php (9) App->run()

[ 10-06-29 19:01:06 ]

错误信息：[ company Public Js ]无法加载模块Public
错误页面：/index.php/Public/Js/jquery/js/external/images/blank.gif
错误类型：ThinkException
错误跟踪：
[10-06-29 19:01:06] D:\wamp\www\company\company\Temp\~runtime.php (7) App->exec()
[10-06-29 19:01:06] D:\wamp\www\company\index.php (9) App->run()

[ 10-06-29 19:04:33 ]

错误信息：[ company company Tpl ]无法加载模块company
错误页面：/index.php/company/Tpl/default/Public/images/order.jpg
错误类型：ThinkException
错误跟踪：
[10-06-29 19:04:06] D:\wamp\www\company\company\Temp\~runtime.php (7) App->exec()
[10-06-29 19:04:06] D:\wamp\www\company\index.php (9) App->run()

[ 10-06-29 19:04:33 ]

错误信息：[ company Product images ]非法操作images
错误页面：/index.php/Product/images/loading.gif
错误类型：ThinkException
错误跟踪：
[10-06-29 19:04:06]  () Action->__call(images, Array)
[10-06-29 19:04:06] D:\wamp\www\company\company\Temp\~runtime.php (7) ProductAction->images()
[10-06-29 19:04:06] D:\wamp\www\company\company\Temp\~runtime.php (7) App->exec()
[10-06-29 19:04:06] D:\wamp\www\company\index.php (9) App->run()

[ 10-06-29 19:04:33 ]

错误信息：[ company Product images ]非法操作images
错误页面：/index.php/Product/images/closelabel.gif
错误类型：ThinkException
错误跟踪：
[10-06-29 19:04:06]  () Action->__call(images, Array)
[10-06-29 19:04:06] D:\wamp\www\company\company\Temp\~runtime.php (7) ProductAction->images()
[10-06-29 19:04:06] D:\wamp\www\company\company\Temp\~runtime.php (7) App->exec()
[10-06-29 19:04:06] D:\wamp\www\company\index.php (9) App->run()

[ 10-06-29 19:04:46 ]

错误信息：[ company company Tpl ]无法加载模块company
错误页面：/index.php/company/Tpl/default/Public/images/order.jpg
错误类型：ThinkException
错误跟踪：
[10-06-29 19:04:06] D:\wamp\www\company\company\Temp\~runtime.php (7) App->exec()
[10-06-29 19:04:06] D:\wamp\www\company\index.php (9) App->run()

[ 10-06-29 19:04:46 ]

错误信息：[ company Product images ]非法操作images
错误页面：/index.php/Product/images/loading.gif
错误类型：ThinkException
错误跟踪：
[10-06-29 19:04:06]  () Action->__call(images, Array)
[10-06-29 19:04:06] D:\wamp\www\company\company\Temp\~runtime.php (7) ProductAction->images()
[10-06-29 19:04:06] D:\wamp\www\company\company\Temp\~runtime.php (7) App->exec()
[10-06-29 19:04:06] D:\wamp\www\company\index.php (9) App->run()

[ 10-06-29 19:04:46 ]

错误信息：[ company Product images ]非法操作images
错误页面：/index.php/Product/images/closelabel.gif
错误类型：ThinkException
错误跟踪：
[10-06-29 19:04:06]  () Action->__call(images, Array)
[10-06-29 19:04:06] D:\wamp\www\company\company\Temp\~runtime.php (7) ProductAction->images()
[10-06-29 19:04:06] D:\wamp\www\company\company\Temp\~runtime.php (7) App->exec()
[10-06-29 19:04:06] D:\wamp\www\company\index.php (9) App->run()

[ 10-06-29 19:06:40 ]

错误信息：[ company Product images ]非法操作images
错误页面：/index.php/Product/images/loading.gif
错误类型：ThinkException
错误跟踪：
[10-06-29 19:06:06]  () Action->__call(images, Array)
[10-06-29 19:06:06] D:\wamp\www\company\company\Temp\~runtime.php (7) ProductAction->images()
[10-06-29 19:06:06] D:\wamp\www\company\company\Temp\~runtime.php (7) App->exec()
[10-06-29 19:06:06] D:\wamp\www\company\index.php (9) App->run()

[ 10-06-29 19:06:40 ]

错误信息：[ company company Tpl ]无法加载模块company
错误页面：/index.php/company/Tpl/default/Public/images/order.jpg
错误类型：ThinkException
错误跟踪：
[10-06-29 19:06:06] D:\wamp\www\company\company\Temp\~runtime.php (7) App->exec()
[10-06-29 19:06:06] D:\wamp\www\company\index.php (9) App->run()

[ 10-06-29 19:06:41 ]

错误信息：[ company Product images ]非法操作images
错误页面：/index.php/Product/images/closelabel.gif
错误类型：ThinkException
错误跟踪：
[10-06-29 19:06:06]  () Action->__call(images, Array)
[10-06-29 19:06:06] D:\wamp\www\company\company\Temp\~runtime.php (7) ProductAction->images()
[10-06-29 19:06:06] D:\wamp\www\company\company\Temp\~runtime.php (7) App->exec()
[10-06-29 19:06:06] D:\wamp\www\company\index.php (9) App->run()

[ 10-06-29 19:07:05 ]

错误信息：[ company Product images ]非法操作images
错误页面：/index.php/Product/images/loading.gif
错误类型：ThinkException
错误跟踪：
[10-06-29 19:07:06]  () Action->__call(images, Array)
[10-06-29 19:07:06] D:\wamp\www\company\company\Temp\~runtime.php (7) ProductAction->images()
[10-06-29 19:07:06] D:\wamp\www\company\company\Temp\~runtime.php (7) App->exec()
[10-06-29 19:07:06] D:\wamp\www\company\index.php (9) App->run()

[ 10-06-29 19:11:04 ]

错误信息：[ company Product images ]非法操作images
错误页面：/index.php/Product/images/loading.gif
错误类型：ThinkException
错误跟踪：
[10-06-29 19:11:06]  () Action->__call(images, Array)
[10-06-29 19:11:06] D:\wamp\www\company\company\Temp\~runtime.php (7) ProductAction->images()
[10-06-29 19:11:06] D:\wamp\www\company\company\Temp\~runtime.php (7) App->exec()
[10-06-29 19:11:06] D:\wamp\www\company\index.php (9) App->run()

[ 10-06-29 19:11:04 ]

错误信息：[ company company Tpl ]无法加载模块company
错误页面：/index.php/company/Tpl/default/Public/images/order.jpg
错误类型：ThinkException
错误跟踪：
[10-06-29 19:11:06] D:\wamp\www\company\company\Temp\~runtime.php (7) App->exec()
[10-06-29 19:11:06] D:\wamp\www\company\index.php (9) App->run()

[ 10-06-29 19:11:04 ]

错误信息：[ company Product images ]非法操作images
错误页面：/index.php/Product/images/closelabel.gif
错误类型：ThinkException
错误跟踪：
[10-06-29 19:11:06]  () Action->__call(images, Array)
[10-06-29 19:11:06] D:\wamp\www\company\company\Temp\~runtime.php (7) ProductAction->images()
[10-06-29 19:11:06] D:\wamp\www\company\company\Temp\~runtime.php (7) App->exec()
[10-06-29 19:11:06] D:\wamp\www\company\index.php (9) App->run()

[ 10-06-29 19:11:27 ]

错误信息：[ company Product images ]非法操作images
错误页面：/index.php/Product/images/closelabel.gif
错误类型：ThinkException
错误跟踪：
[10-06-29 19:11:06]  () Action->__call(images, Array)
[10-06-29 19:11:06] D:\wamp\www\company\company\Temp\~runtime.php (7) ProductAction->images()
[10-06-29 19:11:06] D:\wamp\www\company\company\Temp\~runtime.php (7) App->exec()
[10-06-29 19:11:06] D:\wamp\www\company\index.php (9) App->run()

[ 10-06-29 19:11:27 ]

错误信息：[ company Product images ]非法操作images
错误页面：/index.php/Product/images/loading.gif
错误类型：ThinkException
错误跟踪：
[10-06-29 19:11:06]  () Action->__call(images, Array)
[10-06-29 19:11:06] D:\wamp\www\company\company\Temp\~runtime.php (7) ProductAction->images()
[10-06-29 19:11:06] D:\wamp\www\company\company\Temp\~runtime.php (7) App->exec()
[10-06-29 19:11:06] D:\wamp\www\company\index.php (9) App->run()

[ 10-06-29 19:11:27 ]

错误信息：[ company company Tpl ]无法加载模块company
错误页面：/index.php/company/Tpl/default/Public/images/order.jpg
错误类型：ThinkException
错误跟踪：
[10-06-29 19:11:06] D:\wamp\www\company\company\Temp\~runtime.php (7) App->exec()
[10-06-29 19:11:06] D:\wamp\www\company\index.php (9) App->run()

[ 10-06-29 19:15:45 ]

错误信息：[ company company Tpl ]无法加载模块company
错误页面：/index.php/company/Tpl/default/Public/images/order.jpg
错误类型：ThinkException
错误跟踪：
[10-06-29 19:15:06] D:\wamp\www\company\company\Temp\~runtime.php (7) App->exec()
[10-06-29 19:15:06] D:\wamp\www\company\index.php (9) App->run()

[ 10-06-29 19:15:46 ]

错误信息：[ company Public Js ]无法加载模块Public
错误页面：/index.php/Public/Js/jquery/js/external/lightbox/Public/images/blank.gif
错误类型：ThinkException
错误跟踪：
[10-06-29 19:15:06] D:\wamp\www\company\company\Temp\~runtime.php (7) App->exec()
[10-06-29 19:15:06] D:\wamp\www\company\index.php (9) App->run()

[ 10-06-29 19:15:46 ]

错误信息：[ company Product images ]非法操作images
错误页面：/index.php/Product/images/loading.gif
错误类型：ThinkException
错误跟踪：
[10-06-29 19:15:06]  () Action->__call(images, Array)
[10-06-29 19:15:06] D:\wamp\www\company\company\Temp\~runtime.php (7) ProductAction->images()
[10-06-29 19:15:06] D:\wamp\www\company\company\Temp\~runtime.php (7) App->exec()
[10-06-29 19:15:06] D:\wamp\www\company\index.php (9) App->run()

[ 10-06-29 19:15:46 ]

错误信息：[ company Product images ]非法操作images
错误页面：/index.php/Product/images/closelabel.gif
错误类型：ThinkException
错误跟踪：
[10-06-29 19:15:06]  () Action->__call(images, Array)
[10-06-29 19:15:06] D:\wamp\www\company\company\Temp\~runtime.php (7) ProductAction->images()
[10-06-29 19:15:06] D:\wamp\www\company\company\Temp\~runtime.php (7) App->exec()
[10-06-29 19:15:06] D:\wamp\www\company\index.php (9) App->run()

[ 10-06-29 19:17:52 ]

错误信息：[ company company Tpl ]无法加载模块company
错误页面：/index.php/company/Tpl/default/Public/images/order.jpg
错误类型：ThinkException
错误跟踪：
[10-06-29 19:17:06] D:\wamp\www\company\company\Temp\~runtime.php (7) App->exec()
[10-06-29 19:17:06] D:\wamp\www\company\index.php (9) App->run()

[ 10-06-29 19:17:53 ]

错误信息：[ company Product images ]非法操作images
错误页面：/index.php/Product/images/loading.gif
错误类型：ThinkException
错误跟踪：
[10-06-29 19:17:06]  () Action->__call(images, Array)
[10-06-29 19:17:06] D:\wamp\www\company\company\Temp\~runtime.php (7) ProductAction->images()
[10-06-29 19:17:06] D:\wamp\www\company\company\Temp\~runtime.php (7) App->exec()
[10-06-29 19:17:06] D:\wamp\www\company\index.php (9) App->run()

[ 10-06-29 19:17:53 ]

错误信息：[ company Product images ]非法操作images
错误页面：/index.php/Product/images/closelabel.gif
错误类型：ThinkException
错误跟踪：
[10-06-29 19:17:06]  () Action->__call(images, Array)
[10-06-29 19:17:06] D:\wamp\www\company\company\Temp\~runtime.php (7) ProductAction->images()
[10-06-29 19:17:06] D:\wamp\www\company\company\Temp\~runtime.php (7) App->exec()
[10-06-29 19:17:06] D:\wamp\www\company\index.php (9) App->run()

