[ 10-06-28 13:48:47 ]

错误信息：[ company Pages 1 ]非法操作1
错误页面：/index.php/Pages/1.html
错误类型：ThinkException
错误跟踪：
[10-06-28 13:48:06]  () Action->__call(1, Array)
[10-06-28 13:48:06] D:\wamp\www\company\company\Temp\~runtime.php (7) PagesAction->1()
[10-06-28 13:48:06] D:\wamp\www\company\company\Temp\~runtime.php (7) App->exec()
[10-06-28 13:48:06] D:\wamp\www\company\index.php (9) App->run()

[ 10-06-28 13:48:56 ]

错误信息：[ company Pages 2 ]非法操作2
错误页面：/index.php/Pages/2.html
错误类型：ThinkException
错误跟踪：
[10-06-28 13:48:06]  () Action->__call(2, Array)
[10-06-28 13:48:06] D:\wamp\www\company\company\Temp\~runtime.php (7) PagesAction->2()
[10-06-28 13:48:06] D:\wamp\www\company\company\Temp\~runtime.php (7) App->exec()
[10-06-28 13:48:06] D:\wamp\www\company\index.php (9) App->run()

[ 10-06-28 13:49:36 ]

错误信息：[ company Pages 2 ]非法操作2
错误页面：/index.php/Pages/2.html
错误类型：ThinkException
错误跟踪：
[10-06-28 13:49:06]  () Action->__call(2, Array)
[10-06-28 13:49:06] D:\wamp\www\company\company\Temp\~runtime.php (7) PagesAction->2()
[10-06-28 13:49:06] D:\wamp\www\company\company\Temp\~runtime.php (7) App->exec()
[10-06-28 13:49:06] D:\wamp\www\company\index.php (9) App->run()

[ 10-06-28 13:55:48 ]

错误信息：[ company company Tpl ]无法加载模块company
错误页面：/index.php/company/Tpl/default/Public/images/pic_03.jpg
错误类型：ThinkException
错误跟踪：
[10-06-28 13:55:06] D:\wamp\www\company\company\Temp\~runtime.php (7) App->exec()
[10-06-28 13:55:06] D:\wamp\www\company\index.php (9) App->run()

[ 10-06-28 13:55:48 ]

错误信息：[ company company Tpl ]无法加载模块company
错误页面：/index.php/company/Tpl/default/Public/images/cate.jpg
错误类型：ThinkException
错误跟踪：
[10-06-28 13:55:06] D:\wamp\www\company\company\Temp\~runtime.php (7) App->exec()
[10-06-28 13:55:06] D:\wamp\www\company\index.php (9) App->run()

[ 10-06-28 13:55:49 ]

错误信息：[ company company Tpl ]无法加载模块company
错误页面：/index.php/company/Tpl/default/Public/images/pic_05.jpg
错误类型：ThinkException
错误跟踪：
[10-06-28 13:55:06] D:\wamp\www\company\company\Temp\~runtime.php (7) App->exec()
[10-06-28 13:55:06] D:\wamp\www\company\index.php (9) App->run()

[ 10-06-28 13:55:53 ]

错误信息：[ company Pages 14 ]非法操作14
错误页面：/index.php/Pages/14.html
错误类型：ThinkException
错误跟踪：
[10-06-28 13:55:06]  () Action->__call(14, Array)
[10-06-28 13:55:06] D:\wamp\www\company\company\Temp\~runtime.php (7) PagesAction->14()
[10-06-28 13:55:06] D:\wamp\www\company\company\Temp\~runtime.php (7) App->exec()
[10-06-28 13:55:06] D:\wamp\www\company\index.php (9) App->run()

[ 10-06-28 13:56:03 ]

错误信息：[ company Pages 14 ]非法操作14
错误页面：/index.php/Pages/14.html
错误类型：ThinkException
错误跟踪：
[10-06-28 13:56:06]  () Action->__call(14, Array)
[10-06-28 13:56:06] D:\wamp\www\company\company\Temp\~runtime.php (7) PagesAction->14()
[10-06-28 13:56:06] D:\wamp\www\company\company\Temp\~runtime.php (7) App->exec()
[10-06-28 13:56:06] D:\wamp\www\company\index.php (9) App->run()

[ 10-06-28 13:57:30 ]

错误信息：[ company Pages 14 ]非法操作14
错误页面：/index.php/Pages/14.html
错误类型：ThinkException
错误跟踪：
[10-06-28 13:57:06]  () Action->__call(14, Array)
[10-06-28 13:57:06] D:\wamp\www\company\company\Temp\~runtime.php (7) PagesAction->14()
[10-06-28 13:57:06] D:\wamp\www\company\company\Temp\~runtime.php (7) App->exec()
[10-06-28 13:57:06] D:\wamp\www\company\index.php (9) App->run()

[ 10-06-28 14:09:46 ]

错误信息：[ company Admin_App Tpl ]无法加载模块Admin_App
错误页面：/index.php/Admin_App/Tpl/default/Public/images/bg_repno.gif
错误类型：ThinkException
错误跟踪：
[10-06-28 14:09:06] D:\wamp\www\company\company\Temp\~runtime.php (7) App->exec()
[10-06-28 14:09:06] D:\wamp\www\company\index.php (9) App->run()

[ 10-06-28 14:18:41 ]

错误信息：[ company company Tpl ]无法加载模块company
错误页面：/index.php/company/Tpl/default/Public/images/cate.jpg
错误类型：ThinkException
错误跟踪：
[10-06-28 14:18:06] D:\wamp\www\company\company\Temp\~runtime.php (7) App->exec()
[10-06-28 14:18:06] D:\wamp\www\company\index.php (9) App->run()

[ 10-06-28 14:18:42 ]

错误信息：[ company company Tpl ]无法加载模块company
错误页面：/index.php/company/Tpl/default/Public/images/pic_03.jpg
错误类型：ThinkException
错误跟踪：
[10-06-28 14:18:06] D:\wamp\www\company\company\Temp\~runtime.php (7) App->exec()
[10-06-28 14:18:06] D:\wamp\www\company\index.php (9) App->run()

[ 10-06-28 14:18:42 ]

错误信息：[ company company Tpl ]无法加载模块company
错误页面：/index.php/company/Tpl/default/Public/images/pic_05.jpg
错误类型：ThinkException
错误跟踪：
[10-06-28 14:18:06] D:\wamp\www\company\company\Temp\~runtime.php (7) App->exec()
[10-06-28 14:18:06] D:\wamp\www\company\index.php (9) App->run()

[ 10-06-28 14:22:50 ]

错误信息：[ company company Tpl ]无法加载模块company
错误页面：/index.php/company/Tpl/default/Public/images/pic_03.jpg
错误类型：ThinkException
错误跟踪：
[10-06-28 14:22:06] D:\wamp\www\company\company\Temp\~runtime.php (7) App->exec()
[10-06-28 14:22:06] D:\wamp\www\company\index.php (9) App->run()

[ 10-06-28 14:22:50 ]

错误信息：[ company company Tpl ]无法加载模块company
错误页面：/index.php/company/Tpl/default/Public/images/cate.jpg
错误类型：ThinkException
错误跟踪：
[10-06-28 14:22:06] D:\wamp\www\company\company\Temp\~runtime.php (7) App->exec()
[10-06-28 14:22:06] D:\wamp\www\company\index.php (9) App->run()

[ 10-06-28 14:22:51 ]

错误信息：[ company company Tpl ]无法加载模块company
错误页面：/index.php/company/Tpl/default/Public/images/pic_05.jpg
错误类型：ThinkException
错误跟踪：
[10-06-28 14:22:06] D:\wamp\www\company\company\Temp\~runtime.php (7) App->exec()
[10-06-28 14:22:06] D:\wamp\www\company\index.php (9) App->run()

[ 10-06-28 14:22:53 ]

错误信息：[ company company Tpl ]无法加载模块company
错误页面：/index.php/company/Tpl/default/Public/images/cate.jpg
错误类型：ThinkException
错误跟踪：
[10-06-28 14:22:06] D:\wamp\www\company\company\Temp\~runtime.php (7) App->exec()
[10-06-28 14:22:06] D:\wamp\www\company\index.php (9) App->run()

[ 10-06-28 14:22:53 ]

错误信息：[ company company Tpl ]无法加载模块company
错误页面：/index.php/company/Tpl/default/Public/images/pic_03.jpg
错误类型：ThinkException
错误跟踪：
[10-06-28 14:22:06] D:\wamp\www\company\company\Temp\~runtime.php (7) App->exec()
[10-06-28 14:22:06] D:\wamp\www\company\index.php (9) App->run()

[ 10-06-28 14:22:53 ]

错误信息：[ company company Tpl ]无法加载模块company
错误页面：/index.php/company/Tpl/default/Public/images/pic_05.jpg
错误类型：ThinkException
错误跟踪：
[10-06-28 14:22:06] D:\wamp\www\company\company\Temp\~runtime.php (7) App->exec()
[10-06-28 14:22:06] D:\wamp\www\company\index.php (9) App->run()

[ 10-06-28 14:29:16 ]

错误信息：[ company company Tpl ]无法加载模块company
错误页面：/index.php/company/Tpl/default/Public/images/pic_03.jpg
错误类型：ThinkException
错误跟踪：
[10-06-28 14:29:06] D:\wamp\www\company\company\Temp\~runtime.php (7) App->exec()
[10-06-28 14:29:06] D:\wamp\www\company\index.php (9) App->run()

[ 10-06-28 14:29:16 ]

错误信息：[ company company Tpl ]无法加载模块company
错误页面：/index.php/company/Tpl/default/Public/images/cate.jpg
错误类型：ThinkException
错误跟踪：
[10-06-28 14:29:06] D:\wamp\www\company\company\Temp\~runtime.php (7) App->exec()
[10-06-28 14:29:06] D:\wamp\www\company\index.php (9) App->run()

[ 10-06-28 14:29:17 ]

错误信息：[ company company Tpl ]无法加载模块company
错误页面：/index.php/company/Tpl/default/Public/images/pic_05.jpg
错误类型：ThinkException
错误跟踪：
[10-06-28 14:29:06] D:\wamp\www\company\company\Temp\~runtime.php (7) App->exec()
[10-06-28 14:29:06] D:\wamp\www\company\index.php (9) App->run()

[ 10-06-28 15:05:40 ]

错误信息：[ company company Tpl ]无法加载模块company
错误页面：/index.php/company/Tpl/default/Public/images/pic_05.jpg
错误类型：ThinkException
错误跟踪：
[10-06-28 15:05:06] D:\wamp\www\company\company\Temp\~runtime.php (7) App->exec()
[10-06-28 15:05:06] D:\wamp\www\company\index.php (9) App->run()

[ 10-06-28 15:06:24 ]

错误信息：[ company company Tpl ]无法加载模块company
错误页面：/index.php/company/Tpl/default/Public/images/pic_05.jpg
错误类型：ThinkException
错误跟踪：
[10-06-28 15:06:06] D:\wamp\www\company\company\Temp\~runtime.php (7) App->exec()
[10-06-28 15:06:06] D:\wamp\www\company\index.php (9) App->run()

[ 10-06-28 15:06:54 ]

错误信息：[ company company Tpl ]无法加载模块company
错误页面：/index.php/company/Tpl/default/Public/images/pic_05.jpg
错误类型：ThinkException
错误跟踪：
[10-06-28 15:06:06] D:\wamp\www\company\company\Temp\~runtime.php (7) App->exec()
[10-06-28 15:06:06] D:\wamp\www\company\index.php (9) App->run()

[ 10-06-28 15:07:18 ]

错误信息：[ company company Tpl ]无法加载模块company
错误页面：/index.php/company/Tpl/default/Public/images/pic_05.jpg
错误类型：ThinkException
错误跟踪：
[10-06-28 15:07:06] D:\wamp\www\company\company\Temp\~runtime.php (7) App->exec()
[10-06-28 15:07:06] D:\wamp\www\company\index.php (9) App->run()

[ 10-06-28 15:15:15 ]

错误信息：[ company company Tpl ]无法加载模块company
错误页面：/index.php/company/Tpl/default/Public/images/pic_05.jpg
错误类型：ThinkException
错误跟踪：
[10-06-28 15:15:06] D:\wamp\www\company\company\Temp\~runtime.php (7) App->exec()
[10-06-28 15:15:06] D:\wamp\www\company\index.php (9) App->run()

[ 10-06-28 15:15:37 ]

错误信息：[ company company Tpl ]无法加载模块company
错误页面：/index.php/company/Tpl/default/Public/images/pic_05.jpg
错误类型：ThinkException
错误跟踪：
[10-06-28 15:15:06] D:\wamp\www\company\company\Temp\~runtime.php (7) App->exec()
[10-06-28 15:15:06] D:\wamp\www\company\index.php (9) App->run()

[ 10-06-28 15:17:43 ]

错误信息：[ company company Tpl ]无法加载模块company
错误页面：/index.php/company/Tpl/default/Public/images/pic_05.jpg
错误类型：ThinkException
错误跟踪：
[10-06-28 15:17:06] D:\wamp\www\company\company\Temp\~runtime.php (7) App->exec()
[10-06-28 15:17:06] D:\wamp\www\company\index.php (9) App->run()

[ 10-06-28 15:17:48 ]

错误信息：[ company company Tpl ]无法加载模块company
错误页面：/index.php/company/Tpl/default/Public/images/pic_05.jpg
错误类型：ThinkException
错误跟踪：
[10-06-28 15:17:06] D:\wamp\www\company\company\Temp\~runtime.php (7) App->exec()
[10-06-28 15:17:06] D:\wamp\www\company\index.php (9) App->run()

[ 10-06-28 15:17:51 ]

错误信息：[ company company Tpl ]无法加载模块company
错误页面：/index.php/company/Tpl/default/Public/images/pic_05.jpg
错误类型：ThinkException
错误跟踪：
[10-06-28 15:17:06] D:\wamp\www\company\company\Temp\~runtime.php (7) App->exec()
[10-06-28 15:17:06] D:\wamp\www\company\index.php (9) App->run()

[ 10-06-28 15:18:22 ]

错误信息：[ company company Tpl ]无法加载模块company
错误页面：/index.php/company/Tpl/default/Public/images/pic_05.jpg
错误类型：ThinkException
错误跟踪：
[10-06-28 15:18:06] D:\wamp\www\company\company\Temp\~runtime.php (7) App->exec()
[10-06-28 15:18:06] D:\wamp\www\company\index.php (9) App->run()

[ 10-06-28 15:29:58 ]

错误信息：[ company company Tpl ]无法加载模块company
错误页面：/index.php/company/Tpl/default/Public/images/gywm.jpg
错误类型：ThinkException
错误跟踪：
[10-06-28 15:29:06] D:\wamp\www\company\company\Temp\~runtime.php (7) App->exec()
[10-06-28 15:29:06] D:\wamp\www\company\index.php (9) App->run()

[ 10-06-28 15:29:58 ]

错误信息：[ company company Tpl ]无法加载模块company
错误页面：/index.php/company/Tpl/default/Public/images/pic_03.jpg
错误类型：ThinkException
错误跟踪：
[10-06-28 15:29:06] D:\wamp\www\company\company\Temp\~runtime.php (7) App->exec()
[10-06-28 15:29:06] D:\wamp\www\company\index.php (9) App->run()

[ 10-06-28 15:29:58 ]

错误信息：[ company company Tpl ]无法加载模块company
错误页面：/index.php/company/Tpl/default/Public/images/resume.jpg
错误类型：ThinkException
错误跟踪：
[10-06-28 15:29:06] D:\wamp\www\company\company\Temp\~runtime.php (7) App->exec()
[10-06-28 15:29:06] D:\wamp\www\company\index.php (9) App->run()

[ 10-06-28 15:29:59 ]

错误信息：[ company Job 关于我们-XX有限公司_files ]非法操作关于我们-XX有限公司_files
错误页面：/index.php/Job/关于我们-XX有限公司_files/20088614114861.gif
错误类型：ThinkException
错误跟踪：
[10-06-28 15:29:06]  () Action->__call(关于我们-XX有限公司_files, Array)
[10-06-28 15:29:06] D:\wamp\www\company\company\Temp\~runtime.php (7) JobAction->关于我们-XX有限公司_files()
[10-06-28 15:29:06] D:\wamp\www\company\company\Temp\~runtime.php (7) App->exec()
[10-06-28 15:29:06] D:\wamp\www\company\index.php (9) App->run()

[ 10-06-28 15:29:59 ]

错误信息：[ company company Tpl ]无法加载模块company
错误页面：/index.php/company/Tpl/default/Public/images/pic_05.jpg
错误类型：ThinkException
错误跟踪：
[10-06-28 15:29:06] D:\wamp\www\company\company\Temp\~runtime.php (7) App->exec()
[10-06-28 15:29:06] D:\wamp\www\company\index.php (9) App->run()

[ 10-06-28 15:30:13 ]

错误信息：[ company company Tpl ]无法加载模块company
错误页面：/index.php/company/Tpl/default/Public/images/pic_03.jpg
错误类型：ThinkException
错误跟踪：
[10-06-28 15:30:06] D:\wamp\www\company\company\Temp\~runtime.php (7) App->exec()
[10-06-28 15:30:06] D:\wamp\www\company\index.php (9) App->run()

[ 10-06-28 15:30:13 ]

错误信息：[ company company Tpl ]无法加载模块company
错误页面：/index.php/company/Tpl/default/Public/images/gywm.jpg
错误类型：ThinkException
错误跟踪：
[10-06-28 15:30:06] D:\wamp\www\company\company\Temp\~runtime.php (7) App->exec()
[10-06-28 15:30:06] D:\wamp\www\company\index.php (9) App->run()

[ 10-06-28 15:30:13 ]

错误信息：[ company company Tpl ]无法加载模块company
错误页面：/index.php/company/Tpl/default/Public/images/resume.jpg
错误类型：ThinkException
错误跟踪：
[10-06-28 15:30:06] D:\wamp\www\company\company\Temp\~runtime.php (7) App->exec()
[10-06-28 15:30:06] D:\wamp\www\company\index.php (9) App->run()

[ 10-06-28 15:30:13 ]

错误信息：[ company Job 关于我们-XX有限公司_files ]非法操作关于我们-XX有限公司_files
错误页面：/index.php/Job/关于我们-XX有限公司_files/20088614114861.gif
错误类型：ThinkException
错误跟踪：
[10-06-28 15:30:06]  () Action->__call(关于我们-XX有限公司_files, Array)
[10-06-28 15:30:06] D:\wamp\www\company\company\Temp\~runtime.php (7) JobAction->关于我们-XX有限公司_files()
[10-06-28 15:30:06] D:\wamp\www\company\company\Temp\~runtime.php (7) App->exec()
[10-06-28 15:30:06] D:\wamp\www\company\index.php (9) App->run()

[ 10-06-28 15:30:13 ]

错误信息：[ company company Tpl ]无法加载模块company
错误页面：/index.php/company/Tpl/default/Public/images/pic_05.jpg
错误类型：ThinkException
错误跟踪：
[10-06-28 15:30:06] D:\wamp\www\company\company\Temp\~runtime.php (7) App->exec()
[10-06-28 15:30:06] D:\wamp\www\company\index.php (9) App->run()

[ 10-06-28 15:30:42 ]

错误信息：[ company company Tpl ]无法加载模块company
错误页面：/index.php/company/Tpl/default/Public/images/pic_03.jpg
错误类型：ThinkException
错误跟踪：
[10-06-28 15:30:06] D:\wamp\www\company\company\Temp\~runtime.php (7) App->exec()
[10-06-28 15:30:06] D:\wamp\www\company\index.php (9) App->run()

[ 10-06-28 15:30:42 ]

错误信息：[ company company Tpl ]无法加载模块company
错误页面：/index.php/company/Tpl/default/Public/images/cate.jpg
错误类型：ThinkException
错误跟踪：
[10-06-28 15:30:06] D:\wamp\www\company\company\Temp\~runtime.php (7) App->exec()
[10-06-28 15:30:06] D:\wamp\www\company\index.php (9) App->run()

[ 10-06-28 15:30:42 ]

错误信息：[ company company Tpl ]无法加载模块company
错误页面：/index.php/company/Tpl/default/Public/images/pic_05.jpg
错误类型：ThinkException
错误跟踪：
[10-06-28 15:30:06] D:\wamp\www\company\company\Temp\~runtime.php (7) App->exec()
[10-06-28 15:30:06] D:\wamp\www\company\index.php (9) App->run()

[ 10-06-28 16:05:47 ]

错误信息：[ company Pages Pages ]非法操作Pages
错误页面：/index.php/Pages/Pages/15.html
错误类型：ThinkException
错误跟踪：
[10-06-28 16:05:06]  () Action->__call(Pages, Array)
[10-06-28 16:05:06] D:\wamp\www\company\company\Temp\~runtime.php (7) PagesAction->Pages()
[10-06-28 16:05:06] D:\wamp\www\company\company\Temp\~runtime.php (7) App->exec()
[10-06-28 16:05:06] D:\wamp\www\company\index.php (9) App->run()

[ 10-06-28 16:08:13 ]

错误信息：[ company company Tpl ]无法加载模块company
错误页面：/index.php/company/Tpl/default/Public/images/pic_03.jpg
错误类型：ThinkException
错误跟踪：
[10-06-28 16:08:06] D:\wamp\www\company\company\Temp\~runtime.php (7) App->exec()
[10-06-28 16:08:06] D:\wamp\www\company\index.php (9) App->run()

[ 10-06-28 16:08:13 ]

错误信息：[ company company Tpl ]无法加载模块company
错误页面：/index.php/company/Tpl/default/Public/images/cate.jpg
错误类型：ThinkException
错误跟踪：
[10-06-28 16:08:06] D:\wamp\www\company\company\Temp\~runtime.php (7) App->exec()
[10-06-28 16:08:06] D:\wamp\www\company\index.php (9) App->run()

[ 10-06-28 16:08:13 ]

错误信息：[ company company Tpl ]无法加载模块company
错误页面：/index.php/company/Tpl/default/Public/images/pic_05.jpg
错误类型：ThinkException
错误跟踪：
[10-06-28 16:08:06] D:\wamp\www\company\company\Temp\~runtime.php (7) App->exec()
[10-06-28 16:08:06] D:\wamp\www\company\index.php (9) App->run()

[ 10-06-28 16:11:07 ]

错误信息：[ company company Tpl ]无法加载模块company
错误页面：/index.php/company/Tpl/default/Public/images/pic_03.jpg
错误类型：ThinkException
错误跟踪：
[10-06-28 16:11:06] D:\wamp\www\company\company\Temp\~runtime.php (7) App->exec()
[10-06-28 16:11:06] D:\wamp\www\company\index.php (9) App->run()

[ 10-06-28 16:11:07 ]

错误信息：[ company company Tpl ]无法加载模块company
错误页面：/index.php/company/Tpl/default/Public/images/cate.jpg
错误类型：ThinkException
错误跟踪：
[10-06-28 16:11:06] D:\wamp\www\company\company\Temp\~runtime.php (7) App->exec()
[10-06-28 16:11:06] D:\wamp\www\company\index.php (9) App->run()

[ 10-06-28 16:11:07 ]

错误信息：[ company company Tpl ]无法加载模块company
错误页面：/index.php/company/Tpl/default/Public/images/pic_05.jpg
错误类型：ThinkException
错误跟踪：
[10-06-28 16:11:06] D:\wamp\www\company\company\Temp\~runtime.php (7) App->exec()
[10-06-28 16:11:06] D:\wamp\www\company\index.php (9) App->run()

[ 10-06-28 16:57:20 ]

错误信息：[ company company Tpl ]无法加载模块company
错误页面：/index.php/company/Tpl/default/Public/images/cate.jpg
错误类型：ThinkException
错误跟踪：
[10-06-28 16:57:06] D:\wamp\www\company\company\Temp\~runtime.php (7) App->exec()
[10-06-28 16:57:06] D:\wamp\www\company\index.php (9) App->run()

[ 10-06-28 16:57:20 ]

错误信息：[ company company Tpl ]无法加载模块company
错误页面：/index.php/company/Tpl/default/Public/images/pic_03.jpg
错误类型：ThinkException
错误跟踪：
[10-06-28 16:57:06] D:\wamp\www\company\company\Temp\~runtime.php (7) App->exec()
[10-06-28 16:57:06] D:\wamp\www\company\index.php (9) App->run()

[ 10-06-28 16:57:20 ]

错误信息：[ company company Tpl ]无法加载模块company
错误页面：/index.php/company/Tpl/default/Public/images/pic_05.jpg
错误类型：ThinkException
错误跟踪：
[10-06-28 16:57:06] D:\wamp\www\company\company\Temp\~runtime.php (7) App->exec()
[10-06-28 16:57:06] D:\wamp\www\company\index.php (9) App->run()

[ 10-06-28 17:09:42 ]

错误信息：[ company company Tpl ]无法加载模块company
错误页面：/index.php/company/Tpl/default/Public/images/pic_03.jpg
错误类型：ThinkException
错误跟踪：
[10-06-28 17:09:06] D:\wamp\www\company\company\Temp\~runtime.php (7) App->exec()
[10-06-28 17:09:06] D:\wamp\www\company\index.php (9) App->run()

[ 10-06-28 17:09:43 ]

错误信息：[ company company Tpl ]无法加载模块company
错误页面：/index.php/company/Tpl/default/Public/images/cate.jpg
错误类型：ThinkException
错误跟踪：
[10-06-28 17:09:06] D:\wamp\www\company\company\Temp\~runtime.php (7) App->exec()
[10-06-28 17:09:06] D:\wamp\www\company\index.php (9) App->run()

[ 10-06-28 17:09:43 ]

错误信息：[ company company Tpl ]无法加载模块company
错误页面：/index.php/company/Tpl/default/Public/images/pic_05.jpg
错误类型：ThinkException
错误跟踪：
[10-06-28 17:09:06] D:\wamp\www\company\company\Temp\~runtime.php (7) App->exec()
[10-06-28 17:09:06] D:\wamp\www\company\index.php (9) App->run()

[ 10-06-28 17:10:11 ]

错误信息：[ company company Tpl ]无法加载模块company
错误页面：/index.php/company/Tpl/default/Public/images/pic_03.jpg
错误类型：ThinkException
错误跟踪：
[10-06-28 17:10:06] D:\wamp\www\company\company\Temp\~runtime.php (7) App->exec()
[10-06-28 17:10:06] D:\wamp\www\company\index.php (9) App->run()

[ 10-06-28 17:10:11 ]

错误信息：[ company company Tpl ]无法加载模块company
错误页面：/index.php/company/Tpl/default/Public/images/cate.jpg
错误类型：ThinkException
错误跟踪：
[10-06-28 17:10:06] D:\wamp\www\company\company\Temp\~runtime.php (7) App->exec()
[10-06-28 17:10:06] D:\wamp\www\company\index.php (9) App->run()

[ 10-06-28 17:10:11 ]

错误信息：[ company company Tpl ]无法加载模块company
错误页面：/index.php/company/Tpl/default/Public/images/pic_05.jpg
错误类型：ThinkException
错误跟踪：
[10-06-28 17:10:06] D:\wamp\www\company\company\Temp\~runtime.php (7) App->exec()
[10-06-28 17:10:06] D:\wamp\www\company\index.php (9) App->run()

[ 10-06-28 17:10:13 ]

错误信息：[ company company Tpl ]无法加载模块company
错误页面：/index.php/company/Tpl/default/Public/images/pic_03.jpg
错误类型：ThinkException
错误跟踪：
[10-06-28 17:10:06] D:\wamp\www\company\company\Temp\~runtime.php (7) App->exec()
[10-06-28 17:10:06] D:\wamp\www\company\index.php (9) App->run()

[ 10-06-28 17:10:13 ]

错误信息：[ company company Tpl ]无法加载模块company
错误页面：/index.php/company/Tpl/default/Public/images/cate.jpg
错误类型：ThinkException
错误跟踪：
[10-06-28 17:10:06] D:\wamp\www\company\company\Temp\~runtime.php (7) App->exec()
[10-06-28 17:10:06] D:\wamp\www\company\index.php (9) App->run()

[ 10-06-28 17:10:14 ]

错误信息：[ company company Tpl ]无法加载模块company
错误页面：/index.php/company/Tpl/default/Public/images/pic_05.jpg
错误类型：ThinkException
错误跟踪：
[10-06-28 17:10:06] D:\wamp\www\company\company\Temp\~runtime.php (7) App->exec()
[10-06-28 17:10:06] D:\wamp\www\company\index.php (9) App->run()

[ 10-06-28 17:10:37 ]

错误信息：[ company company Tpl ]无法加载模块company
错误页面：/index.php/company/Tpl/default/Public/images/pic_03.jpg
错误类型：ThinkException
错误跟踪：
[10-06-28 17:10:06] D:\wamp\www\company\company\Temp\~runtime.php (7) App->exec()
[10-06-28 17:10:06] D:\wamp\www\company\index.php (9) App->run()

[ 10-06-28 17:10:37 ]

错误信息：[ company company Tpl ]无法加载模块company
错误页面：/index.php/company/Tpl/default/Public/images/cate.jpg
错误类型：ThinkException
错误跟踪：
[10-06-28 17:10:06] D:\wamp\www\company\company\Temp\~runtime.php (7) App->exec()
[10-06-28 17:10:06] D:\wamp\www\company\index.php (9) App->run()

[ 10-06-28 17:10:37 ]

错误信息：[ company company Tpl ]无法加载模块company
错误页面：/index.php/company/Tpl/default/Public/images/pic_05.jpg
错误类型：ThinkException
错误跟踪：
[10-06-28 17:10:06] D:\wamp\www\company\company\Temp\~runtime.php (7) App->exec()
[10-06-28 17:10:06] D:\wamp\www\company\index.php (9) App->run()

[ 10-06-28 17:12:25 ]

错误信息：[ company company Tpl ]无法加载模块company
错误页面：/index.php/company/Tpl/default/Public/images/pic_03.jpg
错误类型：ThinkException
错误跟踪：
[10-06-28 17:12:06] D:\wamp\www\company\company\Temp\~runtime.php (7) App->exec()
[10-06-28 17:12:06] D:\wamp\www\company\index.php (9) App->run()

[ 10-06-28 17:12:25 ]

错误信息：[ company company Tpl ]无法加载模块company
错误页面：/index.php/company/Tpl/default/Public/images/cate.jpg
错误类型：ThinkException
错误跟踪：
[10-06-28 17:12:06] D:\wamp\www\company\company\Temp\~runtime.php (7) App->exec()
[10-06-28 17:12:06] D:\wamp\www\company\index.php (9) App->run()

[ 10-06-28 17:12:25 ]

错误信息：[ company company Tpl ]无法加载模块company
错误页面：/index.php/company/Tpl/default/Public/images/pic_05.jpg
错误类型：ThinkException
错误跟踪：
[10-06-28 17:12:06] D:\wamp\www\company\company\Temp\~runtime.php (7) App->exec()
[10-06-28 17:12:06] D:\wamp\www\company\index.php (9) App->run()

[ 10-06-28 17:12:57 ]

错误信息：[ company company Tpl ]无法加载模块company
错误页面：/index.php/company/Tpl/default/Public/images/cate.jpg
错误类型：ThinkException
错误跟踪：
[10-06-28 17:12:06] D:\wamp\www\company\company\Temp\~runtime.php (7) App->exec()
[10-06-28 17:12:06] D:\wamp\www\company\index.php (9) App->run()

[ 10-06-28 17:12:58 ]

错误信息：[ company company Tpl ]无法加载模块company
错误页面：/index.php/company/Tpl/default/Public/images/pic_03.jpg
错误类型：ThinkException
错误跟踪：
[10-06-28 17:12:06] D:\wamp\www\company\company\Temp\~runtime.php (7) App->exec()
[10-06-28 17:12:06] D:\wamp\www\company\index.php (9) App->run()

[ 10-06-28 17:12:58 ]

错误信息：[ company company Tpl ]无法加载模块company
错误页面：/index.php/company/Tpl/default/Public/images/pic_05.jpg
错误类型：ThinkException
错误跟踪：
[10-06-28 17:12:06] D:\wamp\www\company\company\Temp\~runtime.php (7) App->exec()
[10-06-28 17:12:06] D:\wamp\www\company\index.php (9) App->run()

[ 10-06-28 17:19:59 ]

错误信息：[ company company Tpl ]无法加载模块company
错误页面：/index.php/company/Tpl/default/Public/images/pic_03.jpg
错误类型：ThinkException
错误跟踪：
[10-06-28 17:19:06] D:\wamp\www\company\company\Temp\~runtime.php (7) App->exec()
[10-06-28 17:19:06] D:\wamp\www\company\index.php (9) App->run()

[ 10-06-28 17:19:59 ]

错误信息：[ company company Tpl ]无法加载模块company
错误页面：/index.php/company/Tpl/default/Public/images/cate.jpg
错误类型：ThinkException
错误跟踪：
[10-06-28 17:19:06] D:\wamp\www\company\company\Temp\~runtime.php (7) App->exec()
[10-06-28 17:19:06] D:\wamp\www\company\index.php (9) App->run()

[ 10-06-28 17:19:59 ]

错误信息：[ company company Tpl ]无法加载模块company
错误页面：/index.php/company/Tpl/default/Public/images/pic_05.jpg
错误类型：ThinkException
错误跟踪：
[10-06-28 17:19:06] D:\wamp\www\company\company\Temp\~runtime.php (7) App->exec()
[10-06-28 17:19:06] D:\wamp\www\company\index.php (9) App->run()

[ 10-06-28 17:21:01 ]

错误信息：[ company company Tpl ]无法加载模块company
错误页面：/index.php/company/Tpl/default/Public/images/cate.jpg
错误类型：ThinkException
错误跟踪：
[10-06-28 17:21:06] D:\wamp\www\company\company\Temp\~runtime.php (7) App->exec()
[10-06-28 17:21:06] D:\wamp\www\company\index.php (9) App->run()

[ 10-06-28 17:21:01 ]

错误信息：[ company company Tpl ]无法加载模块company
错误页面：/index.php/company/Tpl/default/Public/images/pic_03.jpg
错误类型：ThinkException
错误跟踪：
[10-06-28 17:21:06] D:\wamp\www\company\company\Temp\~runtime.php (7) App->exec()
[10-06-28 17:21:06] D:\wamp\www\company\index.php (9) App->run()

[ 10-06-28 17:21:01 ]

错误信息：[ company company Tpl ]无法加载模块company
错误页面：/index.php/company/Tpl/default/Public/images/pic_05.jpg
错误类型：ThinkException
错误跟踪：
[10-06-28 17:21:06] D:\wamp\www\company\company\Temp\~runtime.php (7) App->exec()
[10-06-28 17:21:06] D:\wamp\www\company\index.php (9) App->run()

[ 10-06-28 17:23:25 ]

错误信息：[ company css dedecms.css ]无法加载模块css
错误页面：/index.php/css/dedecms.css
错误类型：ThinkException
错误跟踪：
[10-06-28 17:23:06] D:\wamp\www\company\company\Temp\~runtime.php (7) App->exec()
[10-06-28 17:23:06] D:\wamp\www\company\index.php (9) App->run()

[ 10-06-28 17:23:25 ]

错误信息：[ company css dedecms.css ]无法加载模块css
错误页面：/index.php/css/dedecms.css
错误类型：ThinkException
错误跟踪：
[10-06-28 17:23:06] D:\wamp\www\company\company\Temp\~runtime.php (7) App->exec()
[10-06-28 17:23:06] D:\wamp\www\company\index.php (9) App->run()

[ 10-06-28 17:24:07 ]

错误信息：[ company Admin_App Tpl ]无法加载模块Admin_App
错误页面：/index.php/Admin_App/Tpl/default/Public/images/bg_repno.gif
错误类型：ThinkException
错误跟踪：
[10-06-28 17:24:06] D:\wamp\www\company\company\Temp\~runtime.php (7) App->exec()
[10-06-28 17:24:06] D:\wamp\www\company\index.php (9) App->run()

[ 10-06-28 17:24:12 ]

错误信息：[ company company Tpl ]无法加载模块company
错误页面：/index.php/company/Tpl/default/Public/images/pic_03.jpg
错误类型：ThinkException
错误跟踪：
[10-06-28 17:24:06] D:\wamp\www\company\company\Temp\~runtime.php (7) App->exec()
[10-06-28 17:24:06] D:\wamp\www\company\index.php (9) App->run()

[ 10-06-28 17:24:12 ]

错误信息：[ company company Tpl ]无法加载模块company
错误页面：/index.php/company/Tpl/default/Public/images/cate.jpg
错误类型：ThinkException
错误跟踪：
[10-06-28 17:24:06] D:\wamp\www\company\company\Temp\~runtime.php (7) App->exec()
[10-06-28 17:24:06] D:\wamp\www\company\index.php (9) App->run()

[ 10-06-28 17:24:12 ]

错误信息：[ company company Tpl ]无法加载模块company
错误页面：/index.php/company/Tpl/default/Public/images/pic_05.jpg
错误类型：ThinkException
错误跟踪：
[10-06-28 17:24:06] D:\wamp\www\company\company\Temp\~runtime.php (7) App->exec()
[10-06-28 17:24:06] D:\wamp\www\company\index.php (9) App->run()

[ 10-06-28 17:25:14 ]

错误信息：[ company css dedecms.css ]无法加载模块css
错误页面：/index.php/css/dedecms.css
错误类型：ThinkException
错误跟踪：
[10-06-28 17:25:06] D:\wamp\www\company\company\Temp\~runtime.php (7) App->exec()
[10-06-28 17:25:06] D:\wamp\www\company\index.php (9) App->run()

[ 10-06-28 17:25:14 ]

错误信息：[ company css dedecms.css ]无法加载模块css
错误页面：/index.php/css/dedecms.css
错误类型：ThinkException
错误跟踪：
[10-06-28 17:25:06] D:\wamp\www\company\company\Temp\~runtime.php (7) App->exec()
[10-06-28 17:25:06] D:\wamp\www\company\index.php (9) App->run()

[ 10-06-28 17:25:48 ]

错误信息：[ company Admin_App Tpl ]无法加载模块Admin_App
错误页面：/index.php/Admin_App/Tpl/default/Public/images/bg_repno.gif
错误类型：ThinkException
错误跟踪：
[10-06-28 17:25:06] D:\wamp\www\company\company\Temp\~runtime.php (7) App->exec()
[10-06-28 17:25:06] D:\wamp\www\company\index.php (9) App->run()

[ 10-06-28 17:25:56 ]

错误信息：[ company company Tpl ]无法加载模块company
错误页面：/index.php/company/Tpl/default/Public/images/cate.jpg
错误类型：ThinkException
错误跟踪：
[10-06-28 17:25:06] D:\wamp\www\company\company\Temp\~runtime.php (7) App->exec()
[10-06-28 17:25:06] D:\wamp\www\company\index.php (9) App->run()

[ 10-06-28 17:25:56 ]

错误信息：[ company company Tpl ]无法加载模块company
错误页面：/index.php/company/Tpl/default/Public/images/pic_03.jpg
错误类型：ThinkException
错误跟踪：
[10-06-28 17:25:06] D:\wamp\www\company\company\Temp\~runtime.php (7) App->exec()
[10-06-28 17:25:06] D:\wamp\www\company\index.php (9) App->run()

[ 10-06-28 17:25:56 ]

错误信息：[ company company Tpl ]无法加载模块company
错误页面：/index.php/company/Tpl/default/Public/images/pic_05.jpg
错误类型：ThinkException
错误跟踪：
[10-06-28 17:25:06] D:\wamp\www\company\company\Temp\~runtime.php (7) App->exec()
[10-06-28 17:25:06] D:\wamp\www\company\index.php (9) App->run()

[ 10-06-28 17:27:47 ]

错误信息：[ company css dedecms.css ]无法加载模块css
错误页面：/index.php/css/dedecms.css
错误类型：ThinkException
错误跟踪：
[10-06-28 17:27:06] D:\wamp\www\company\company\Temp\~runtime.php (7) App->exec()
[10-06-28 17:27:06] D:\wamp\www\company\index.php (9) App->run()

[ 10-06-28 17:27:47 ]

错误信息：[ company css dedecms.css ]无法加载模块css
错误页面：/index.php/css/dedecms.css
错误类型：ThinkException
错误跟踪：
[10-06-28 17:27:06] D:\wamp\www\company\company\Temp\~runtime.php (7) App->exec()
[10-06-28 17:27:06] D:\wamp\www\company\index.php (9) App->run()

[ 10-06-28 17:28:10 ]

错误信息：[ company Admin_App Tpl ]无法加载模块Admin_App
错误页面：/index.php/Admin_App/Tpl/default/Public/images/bg_repno.gif
错误类型：ThinkException
错误跟踪：
[10-06-28 17:28:06] D:\wamp\www\company\company\Temp\~runtime.php (7) App->exec()
[10-06-28 17:28:06] D:\wamp\www\company\index.php (9) App->run()

[ 10-06-28 17:28:16 ]

错误信息：[ company company Tpl ]无法加载模块company
错误页面：/index.php/company/Tpl/default/Public/images/nopic.jpg
错误类型：ThinkException
错误跟踪：
[10-06-28 17:28:06] D:\wamp\www\company\company\Temp\~runtime.php (7) App->exec()
[10-06-28 17:28:06] D:\wamp\www\company\index.php (9) App->run()

[ 10-06-28 17:28:16 ]

错误信息：[ company company Tpl ]无法加载模块company
错误页面：/index.php/company/Tpl/default/Public/images/cate.jpg
错误类型：ThinkException
错误跟踪：
[10-06-28 17:28:06] D:\wamp\www\company\company\Temp\~runtime.php (7) App->exec()
[10-06-28 17:28:06] D:\wamp\www\company\index.php (9) App->run()

[ 10-06-28 17:28:16 ]

错误信息：[ company company Tpl ]无法加载模块company
错误页面：/index.php/company/Tpl/default/Public/images/pic_03.jpg
错误类型：ThinkException
错误跟踪：
[10-06-28 17:28:06] D:\wamp\www\company\company\Temp\~runtime.php (7) App->exec()
[10-06-28 17:28:06] D:\wamp\www\company\index.php (9) App->run()

[ 10-06-28 17:28:16 ]

错误信息：[ company company Tpl ]无法加载模块company
错误页面：/index.php/company/Tpl/default/Public/images/pic_05.jpg
错误类型：ThinkException
错误跟踪：
[10-06-28 17:28:06] D:\wamp\www\company\company\Temp\~runtime.php (7) App->exec()
[10-06-28 17:28:06] D:\wamp\www\company\index.php (9) App->run()

[ 10-06-28 17:28:33 ]

错误信息：[ company Admin_App Tpl ]无法加载模块Admin_App
错误页面：/index.php/Admin_App/Tpl/default/Public/images/bg_repno.gif
错误类型：ThinkException
错误跟踪：
[10-06-28 17:28:06] D:\wamp\www\company\company\Temp\~runtime.php (7) App->exec()
[10-06-28 17:28:06] D:\wamp\www\company\index.php (9) App->run()

[ 10-06-28 17:28:38 ]

错误信息：[ company company Tpl ]无法加载模块company
错误页面：/index.php/company/Tpl/default/Public/images/pic_03.jpg
错误类型：ThinkException
错误跟踪：
[10-06-28 17:28:06] D:\wamp\www\company\company\Temp\~runtime.php (7) App->exec()
[10-06-28 17:28:06] D:\wamp\www\company\index.php (9) App->run()

[ 10-06-28 17:28:38 ]

错误信息：[ company company Tpl ]无法加载模块company
错误页面：/index.php/company/Tpl/default/Public/images/cate.jpg
错误类型：ThinkException
错误跟踪：
[10-06-28 17:28:06] D:\wamp\www\company\company\Temp\~runtime.php (7) App->exec()
[10-06-28 17:28:06] D:\wamp\www\company\index.php (9) App->run()

[ 10-06-28 17:28:38 ]

错误信息：[ company company Tpl ]无法加载模块company
错误页面：/index.php/company/Tpl/default/Public/images/pic_05.jpg
错误类型：ThinkException
错误跟踪：
[10-06-28 17:28:06] D:\wamp\www\company\company\Temp\~runtime.php (7) App->exec()
[10-06-28 17:28:06] D:\wamp\www\company\index.php (9) App->run()

[ 10-06-28 17:31:34 ]

错误信息：[ company company Tpl ]无法加载模块company
错误页面：/index.php/company/Tpl/default/Public/images/pic_03.jpg
错误类型：ThinkException
错误跟踪：
[10-06-28 17:31:06] D:\wamp\www\company\company\Temp\~runtime.php (7) App->exec()
[10-06-28 17:31:06] D:\wamp\www\company\index.php (9) App->run()

[ 10-06-28 17:31:34 ]

错误信息：[ company company Tpl ]无法加载模块company
错误页面：/index.php/company/Tpl/default/Public/images/cate.jpg
错误类型：ThinkException
错误跟踪：
[10-06-28 17:31:06] D:\wamp\www\company\company\Temp\~runtime.php (7) App->exec()
[10-06-28 17:31:06] D:\wamp\www\company\index.php (9) App->run()

[ 10-06-28 17:31:35 ]

错误信息：[ company company Tpl ]无法加载模块company
错误页面：/index.php/company/Tpl/default/Public/images/pic_05.jpg
错误类型：ThinkException
错误跟踪：
[10-06-28 17:31:06] D:\wamp\www\company\company\Temp\~runtime.php (7) App->exec()
[10-06-28 17:31:06] D:\wamp\www\company\index.php (9) App->run()

[ 10-06-28 17:33:26 ]

错误信息：[ company company Tpl ]无法加载模块company
错误页面：/index.php/company/Tpl/default/Public/images/pic_03.jpg
错误类型：ThinkException
错误跟踪：
[10-06-28 17:33:06] D:\wamp\www\company\company\Temp\~runtime.php (7) App->exec()
[10-06-28 17:33:06] D:\wamp\www\company\index.php (9) App->run()

[ 10-06-28 17:33:26 ]

错误信息：[ company company Tpl ]无法加载模块company
错误页面：/index.php/company/Tpl/default/Public/images/cate.jpg
错误类型：ThinkException
错误跟踪：
[10-06-28 17:33:06] D:\wamp\www\company\company\Temp\~runtime.php (7) App->exec()
[10-06-28 17:33:06] D:\wamp\www\company\index.php (9) App->run()

[ 10-06-28 17:33:26 ]

错误信息：[ company company Tpl ]无法加载模块company
错误页面：/index.php/company/Tpl/default/Public/images/200721413493158.htm
错误类型：ThinkException
错误跟踪：
[10-06-28 17:33:06] D:\wamp\www\company\company\Temp\~runtime.php (7) App->exec()
[10-06-28 17:33:06] D:\wamp\www\company\index.php (9) App->run()

[ 10-06-28 17:33:26 ]

错误信息：[ company company Tpl ]无法加载模块company
错误页面：/index.php/company/Tpl/default/Public/images/pic_05.jpg
错误类型：ThinkException
错误跟踪：
[10-06-28 17:33:06] D:\wamp\www\company\company\Temp\~runtime.php (7) App->exec()
[10-06-28 17:33:06] D:\wamp\www\company\index.php (9) App->run()

[ 10-06-28 17:33:26 ]

错误信息：[ company company Tpl ]无法加载模块company
错误页面：/index.php/company/Tpl/default/Public/images/detailtitle.gif
错误类型：ThinkException
错误跟踪：
[10-06-28 17:33:06] D:\wamp\www\company\company\Temp\~runtime.php (7) App->exec()
[10-06-28 17:33:06] D:\wamp\www\company\index.php (9) App->run()

[ 10-06-28 17:33:26 ]

错误信息：[ company company Tpl ]无法加载模块company
错误页面：/index.php/company/Tpl/default/Public/images/order.jpg
错误类型：ThinkException
错误跟踪：
[10-06-28 17:33:06] D:\wamp\www\company\company\Temp\~runtime.php (7) App->exec()
[10-06-28 17:33:06] D:\wamp\www\company\index.php (9) App->run()

[ 10-06-28 17:58:21 ]

错误信息：[ company favicon.ico index ]无法加载模块favicon.ico
错误页面：/index.php/favicon.ico
错误类型：ThinkException
错误跟踪：
[10-06-28 17:58:06] D:\wamp\www\company\company\Temp\~runtime.php (7) App->exec()
[10-06-28 17:58:06] D:\wamp\www\company\index.php (9) App->run()

[ 10-06-28 17:58:22 ]

错误信息：[ company favicon.ico index ]无法加载模块favicon.ico
错误页面：/index.php/favicon.ico
错误类型：ThinkException
错误跟踪：
[10-06-28 17:58:06] D:\wamp\www\company\company\Temp\~runtime.php (7) App->exec()
[10-06-28 17:58:06] D:\wamp\www\company\index.php (9) App->run()

[ 10-06-28 18:08:17 ]

错误信息：[ company company Tpl ]无法加载模块company
错误页面：/index.php/company/Tpl/default/Public/images/pic_03.jpg
错误类型：ThinkException
错误跟踪：
[10-06-28 18:08:06] D:\wamp\www\company\company\Temp\~runtime.php (7) App->exec()
[10-06-28 18:08:06] D:\wamp\www\company\index.php (9) App->run()

[ 10-06-28 18:08:18 ]

错误信息：[ company company Tpl ]无法加载模块company
错误页面：/index.php/company/Tpl/default/Public/images/cate.jpg
错误类型：ThinkException
错误跟踪：
[10-06-28 18:08:06] D:\wamp\www\company\company\Temp\~runtime.php (7) App->exec()
[10-06-28 18:08:06] D:\wamp\www\company\index.php (9) App->run()

[ 10-06-28 18:08:18 ]

错误信息：[ company company Tpl ]无法加载模块company
错误页面：/index.php/company/Tpl/default/Public/images/pic_05.jpg
错误类型：ThinkException
错误跟踪：
[10-06-28 18:08:06] D:\wamp\www\company\company\Temp\~runtime.php (7) App->exec()
[10-06-28 18:08:06] D:\wamp\www\company\index.php (9) App->run()

[ 10-06-28 18:08:18 ]

错误信息：[ company company Tpl ]无法加载模块company
错误页面：/index.php/company/Tpl/default/Public/images/order.jpg
错误类型：ThinkException
错误跟踪：
[10-06-28 18:08:06] D:\wamp\www\company\company\Temp\~runtime.php (7) App->exec()
[10-06-28 18:08:06] D:\wamp\www\company\index.php (9) App->run()

[ 10-06-28 18:08:18 ]

错误信息：[ company company Tpl ]无法加载模块company
错误页面：/index.php/company/Tpl/default/Public/images/200721413493158.htm
错误类型：ThinkException
错误跟踪：
[10-06-28 18:08:06] D:\wamp\www\company\company\Temp\~runtime.php (7) App->exec()
[10-06-28 18:08:06] D:\wamp\www\company\index.php (9) App->run()

[ 10-06-28 18:08:18 ]

错误信息：[ company company Tpl ]无法加载模块company
错误页面：/index.php/company/Tpl/default/Public/images/detailtitle.gif
错误类型：ThinkException
错误跟踪：
[10-06-28 18:08:06] D:\wamp\www\company\company\Temp\~runtime.php (7) App->exec()
[10-06-28 18:08:06] D:\wamp\www\company\index.php (9) App->run()

